
Options: -C 0.10 -M 2 

=== Classifier model (full training set) ===

PART decision list
------------------

polarity_position_407 > -0.032 AND
ID_position_197 = Q: SIVE (507.44/3.89)

polarity_position_94 > -1.239: noSIVE (625.93)

ID_position_317 = D AND
polarity_position_94 > -1.337: noSIVE (49.42/2.52)

ID_position_325 = W AND
ID_position_197 = Q AND
molecular_size_position_28 > -3.656: SIVE (62.0/4.97)

ID_position_325 = R: noSIVE (8.64)

ID_position_415 = R AND
polarity_position_130 > -0.591: noSIVE (8.47/3.2)

ID_position_415 = R: SIVE (6.41)

: noSIVE (2.25)

Number of Rules  : 	8


Time taken to build model: 0.25 seconds

Time taken to test model on training data: 0.01 seconds

=== Error on training data ===

Correctly Classified Instances        1256.5734          98.8981 %
Incorrectly Classified Instances        14                1.1019 %
Kappa statistic                          0.9778
Mean absolute error                      0.0202
Root mean squared error                  0.0991
Relative absolute error                  4.0732 %
Root relative squared error             19.9106 %
Total Number of Instances             1270.5734


=== Detailed Accuracy By Class ===

                 TP Rate  FP Rate  Precision  Recall   F-Measure  MCC      ROC Area  PRC Area  Class
                 0.990    0.012    0.986      0.990    0.988      0.978    0.997     0.992     SIVE
                 0.988    0.010    0.992      0.988    0.990      0.978    0.997     0.997     noSIVE
Weighted Avg.    0.989    0.011    0.989      0.989    0.989      0.978    0.997     0.995     


=== Confusion Matrix ===

   a      b      <-- classified as
 567      5.73 |      a = SIVE
   8.27 689.57 |      b = noSIVE

